----------

Sat Sep 12 2020 19:07:36 GMT+0530 (India Standard Time)

To https://github.com/sarath-menon/sarath-menon.github.io.git
   c65561a..861a337  master -> master


----------

Sat Sep 12 2020 19:08:28 GMT+0530 (India Standard Time)

To https://github.com/sarath-menon/sarath-menon.github.io.git
   861a337..7379707  master -> master


----------

Wed Sep 16 2020 14:43:51 GMT+0530 (India Standard Time)

To https://github.com/sarath-menon/sarath-menon.github.io.git
   7379707..f7e40e5  master -> master


----------

Tue Oct 06 2020 22:18:05 GMT+0530 (India Standard Time)

To https://github.com/sarath-menon/sarath-menon.github.io.git
   f7e40e5..49b24e7  master -> master


----------

Wed Oct 07 2020 22:53:06 GMT+0530 (India Standard Time)

To https://github.com/sarath-menon/sarath-menon.github.io.git


----------

Wed Oct 07 2020 22:53:06 GMT+0530 (India Standard Time)

   49b24e7..d12c62d  master -> master


----------

Wed Oct 07 2020 23:59:54 GMT+0530 (India Standard Time)

To https://github.com/sarath-menon/sarath-menon.github.io.git
   d12c62d..4251ea4  master -> master


----------

Thu Oct 08 2020 00:19:54 GMT+0530 (India Standard Time)

To https://github.com/sarath-menon/sarath-menon.github.io.git
   4251ea4..b01e37f  master -> master


----------

Thu Oct 08 2020 00:20:50 GMT+0530 (India Standard Time)

To https://github.com/sarath-menon/sarath-menon.github.io.git
   b01e37f..f3fb305  master -> master


----------

Thu Oct 08 2020 10:14:36 GMT+0530 (India Standard Time)

To https://github.com/sarath-menon/sarath-menon.github.io.git
   f3fb305..2507e66  master -> master


